[debug] [2018-09-26T17:09:16.425Z] ----------------------------------------------------------------------
[debug] [2018-09-26T17:09:16.427Z] Command:       /usr/local/bin/node /usr/local/bin/firebase deploy
[debug] [2018-09-26T17:09:16.427Z] CLI Version:   3.18.4
[debug] [2018-09-26T17:09:16.428Z] Platform:      darwin
[debug] [2018-09-26T17:09:16.428Z] Node Version:  v9.3.0
[debug] [2018-09-26T17:09:16.428Z] Time:          Thu Sep 27 2018 01:09:16 GMT+0800 (CST)
[debug] [2018-09-26T17:09:16.428Z] ----------------------------------------------------------------------
[debug] 
[debug] [2018-09-26T17:09:16.448Z] > command requires scopes: ["email","openid","https://www.googleapis.com/auth/cloudplatformprojects.readonly","https://www.googleapis.com/auth/firebase","https://www.googleapis.com/auth/cloud-platform"]
[debug] [2018-09-26T17:09:16.448Z] > authorizing via signed-in user
[debug] [2018-09-26T17:09:16.452Z] > refreshing access token with scopes: ["email","https://www.googleapis.com/auth/cloud-platform","https://www.googleapis.com/auth/cloudplatformprojects.readonly","https://www.googleapis.com/auth/firebase","openid"]
[debug] [2018-09-26T17:09:16.452Z] >>> HTTP REQUEST POST https://www.googleapis.com/oauth2/v3/token  
 { refresh_token: '1/V-WuzwRyxb-9npH1Da9xii7XnmZ-IRa-yWVHWPkSHKVF619LKcmrFogv0KQKg1uJ',
  client_id: '563584335869-fgrhgmd47bqnekij5i8b5pr03ho849e6.apps.googleusercontent.com',
  client_secret: 'j9iVZfS8kkCEFUPaAeJV0sAi',
  grant_type: 'refresh_token',
  scope: 'email https://www.googleapis.com/auth/cloud-platform https://www.googleapis.com/auth/cloudplatformprojects.readonly https://www.googleapis.com/auth/firebase openid' } 
 Thu Sep 27 2018 01:09:16 GMT+0800 (CST)
[debug] [2018-09-26T17:09:16.638Z] <<< HTTP RESPONSE 200
[debug] [2018-09-26T17:09:16.663Z] >>> HTTP REQUEST GET https://admin.firebase.com/v1/projects/csie-busplay  
  
 Thu Sep 27 2018 01:09:16 GMT+0800 (CST)
[debug] [2018-09-26T17:09:17.534Z] <<< HTTP RESPONSE 200
[debug] [2018-09-26T17:09:17.534Z] >>> HTTP REQUEST GET https://admin.firebase.com/v1/database/csie-busplay/tokens  
  
 Thu Sep 27 2018 01:09:17 GMT+0800 (CST)
[debug] [2018-09-26T17:09:18.186Z] <<< HTTP RESPONSE 200
[info] 
[info] === Deploying to 'csie-busplay'...
[info] 
[info] i  deploying hosting
[info] i  hosting: preparing dist directory for upload...
[debug] [2018-09-26T17:09:19.496Z] >>> HTTP REQUEST PUT https://deploy.firebase.com/v1/hosting/csie-busplay/uploads/-LNLqns18gygFEZE-ZFq?fileCount=36&message=  
  
 Thu Sep 27 2018 01:09:19 GMT+0800 (CST)
